[GIN-debug] [WARNING] Running in "debug" mode. Switch to "release" mode in production.
 - using env:	export GIN_MODE=release
 - using code:	gin.SetMode(gin.ReleaseMode)

[GIN-debug] GET    /css/*filepath            --> github.com/gin-gonic/gin.(*RouterGroup).createStaticHandler.func1 (1 handlers)
[GIN-debug] HEAD   /css/*filepath            --> github.com/gin-gonic/gin.(*RouterGroup).createStaticHandler.func1 (1 handlers)
[GIN-debug] Loaded HTML Templates (4): 
	- 
	- footer.html
	- header.html
	- index.html

[GIN-debug] GET    /api/videos               --> main.main.func1 (5 handlers)
[GIN-debug] POST   /api/videos               --> main.main.func2 (5 handlers)
[GIN-debug] GET    /view/videos              --> home/bjit/Documents/Golang_Practice/3_Gin_Projects/YouTube_Pragmatic_Reviews/4_Basic/controller.VideoController.ShowAll-fm (5 handlers)
[GIN-debug] [WARNING] You trusted all proxies, this is NOT safe. We recommend you to set a value.
Please check https://pkg.go.dev/github.com/gin-gonic/gin#readme-don-t-trust-all-proxies for details.
[GIN-debug] Listening and serving HTTP on :8080
::1 - [26 Nov 22 20:55 +06] POST /api/videos 200 301.361µs 
::1 - [26 Nov 22 20:55 +06] GET /view/videos 401 26.613µs 
::1 - [26 Nov 22 20:55 +06] GET /view/videos 401 7.6µs 
::1 - [26 Nov 22 20:55 +06] POST /api/videos 200 210.45µs 
::1 - [26 Nov 22 20:56 +06] GET /view/videos 401 9.344µs 
::1 - [26 Nov 22 20:56 +06] GET /view/videos 200 566.722µs 
127.0.0.1 - [26 Nov 22 20:56 +06] GET /view/videos 401 29.856µs 
127.0.0.1 - [26 Nov 22 20:57 +06] GET /view/videos 200 494.77µs 
